[debug] [2023-06-01T14:17:24.149Z] ----------------------------------------------------------------------
[debug] [2023-06-01T14:17:24.154Z] Command:       C:\Program Files\nodejs\node.exe C:\Users\user\AppData\Roaming\npm\node_modules\firebase-tools\lib\bin\firebase.js init
[debug] [2023-06-01T14:17:24.155Z] CLI Version:   12.2.1
[debug] [2023-06-01T14:17:24.156Z] Platform:      win32
[debug] [2023-06-01T14:17:24.156Z] Node Version:  v18.12.1
[debug] [2023-06-01T14:17:24.157Z] Time:          Thu Jun 01 2023 19:17:24 GMT+0500 (Екатеринбург, стандартное время)
[debug] [2023-06-01T14:17:24.158Z] ----------------------------------------------------------------------
[debug] 
[debug] [2023-06-01T14:17:24.264Z] > command requires scopes: ["email","openid","https://www.googleapis.com/auth/cloudplatformprojects.readonly","https://www.googleapis.com/auth/firebase","https://www.googleapis.com/auth/cloud-platform"]
[debug] [2023-06-01T14:17:24.264Z] > authorizing via signed-in user (elysinek@gmail.com)
[info] 
     ######## #### ########  ######## ########     ###     ######  ########
     ##        ##  ##     ## ##       ##     ##  ##   ##  ##       ##
     ######    ##  ########  ######   ########  #########  ######  ######
     ##        ##  ##    ##  ##       ##     ## ##     ##       ## ##
     ##       #### ##     ## ######## ########  ##     ##  ######  ########

You're about to initialize a Firebase project in this directory:

  C:\Users\user\Desktop\SmartHouse

Before we get started, keep in mind:

  * You are initializing within an existing Firebase project directory

[info] 
=== Project Setup
[info] 
[info] First, let's associate this project directory with a Firebase project.
[info] You can create multiple project aliases by running firebase use --add, 
[info] but for now we'll just set up a default project.
[info] 
[debug] [2023-06-01T14:17:34.209Z] Using project from CLI flag: swekpo-9ed62
[debug] [2023-06-01T14:17:34.213Z] >>> [apiv2][query] GET https://firebase.googleapis.com/v1beta1/projects/swekpo-9ed62 [none]
[debug] [2023-06-01T14:17:34.621Z] <<< [apiv2][status] GET https://firebase.googleapis.com/v1beta1/projects/swekpo-9ed62 403
[debug] [2023-06-01T14:17:34.621Z] <<< [apiv2][body] GET https://firebase.googleapis.com/v1beta1/projects/swekpo-9ed62 {"error":{"code":403,"message":"The caller does not have permission","status":"PERMISSION_DENIED"}}
[debug] [2023-06-01T14:17:34.623Z] HTTP Error: 403, The caller does not have permission
[debug] [2023-06-01T14:17:34.628Z] FirebaseError: HTTP Error: 403, The caller does not have permission
    at responseToError (C:\Users\user\AppData\Roaming\npm\node_modules\firebase-tools\lib\responseToError.js:49:12)
    at RetryOperation._fn (C:\Users\user\AppData\Roaming\npm\node_modules\firebase-tools\lib\apiv2.js:288:77)
    at process.processTicksAndRejections (node:internal/process/task_queues:95:5)
[error] 
[error] Error: Failed to get Firebase project swekpo-9ed62. Please make sure the project exists and your account has permission to access it.
